This file contains any messages produced by compilers while
running configure, to aid debugging if configure makes a mistake.

It was created by AdvanceCOMP configure 2.5, which was
generated by GNU Autoconf 2.69.  Invocation command line was

  $ ./configure 

## --------- ##
## Platform. ##
## --------- ##

hostname = chendeMacBook-Pro-2.local
uname -m = x86_64
uname -r = 20.1.0
uname -s = Darwin
uname -v = Darwin Kernel Version 20.1.0: Sat Oct 31 00:07:11 PDT 2020; root:xnu-7195.50.7~2/RELEASE_X86_64

/usr/bin/uname -p = i386
/bin/uname -X     = unknown

/bin/arch              = unknown
/usr/bin/arch -k       = unknown
/usr/convex/getsysinfo = unknown
/usr/bin/hostinfo      = Mach kernel version:
	 Darwin Kernel Version 20.1.0: Sat Oct 31 00:07:11 PDT 2020; root:xnu-7195.50.7~2/RELEASE_X86_64
Kernel configured for up to 8 processors.
4 processors are physically available.
8 processors are logically available.
Processor type: x86_64h (Intel x86-64h Haswell)
Processors active: 0 1 2 3 4 5 6 7
Primary memory available: 8.00 gigabytes
Default processor set: 493 tasks, 3225 threads, 8 processors
Load average: 2.93, Mach factor: 5.06
/bin/machine           = unknown
/usr/bin/oslevel       = unknown
/bin/universe          = unknown

PATH: /usr/local/bin
PATH: /Users/chen/.cargo/bin
PATH: /Users/chen/Library/pnpm
PATH: /bin
PATH: /usr/bin
PATH: /usr/local/bin
PATH: /sbin
PATH: /Users/chen/github/Hexagon/code/crowbar_book_0_1
PATH: /Users/chen/github/vcpkg
PATH: /usr/local/go/bin
PATH: /Users/chen/go/bin
PATH: /Users/chen/.fig/bin
PATH: /Users/chen/.local/bin
PATH: /Users/chen/.rvm/bin


## ----------- ##
## Core tests. ##
## ----------- ##

configure:2245: checking for a BSD-compatible install
configure:2313: result: /usr/local/bin/ginstall -c
configure:2324: checking whether build environment is sane
configure:2379: result: yes
configure:2530: checking for a thread-safe mkdir -p
configure:2569: result: /usr/local/bin/gmkdir -p
configure:2576: checking for gawk
configure:2606: result: no
configure:2576: checking for mawk
configure:2606: result: no
configure:2576: checking for nawk
configure:2606: result: no
configure:2576: checking for awk
configure:2592: found /usr/bin/awk
configure:2603: result: awk
configure:2614: checking whether make sets $(MAKE)
configure:2636: result: yes
configure:2665: checking whether make supports nested variables
configure:2682: result: yes
configure:2815: checking build system type
configure:2829: result: x86_64-apple-darwin20.1.0
configure:2849: checking host system type
configure:2862: result: x86_64-apple-darwin20.1.0
configure:2931: checking for gcc
configure:2947: found /usr/bin/gcc
configure:2958: result: gcc
configure:3187: checking for C compiler version
configure:3196: gcc --version >&5
Apple clang version 12.0.5 (clang-1205.0.22.11)
Target: x86_64-apple-darwin20.1.0
Thread model: posix
InstalledDir: /Library/Developer/CommandLineTools/usr/bin
Configured with: --prefix=/Library/Developer/CommandLineTools/usr --with-gxx-include-dir=/Library/Developer/CommandLineTools/SDKs/MacOSX.sdk/usr/include/c++/4.2.1
configure:3207: $? = 0
configure:3196: gcc -v >&5
Configured with: --prefix=/Library/Developer/CommandLineTools/usr --with-gxx-include-dir=/Library/Developer/CommandLineTools/SDKs/MacOSX.sdk/usr/include/c++/4.2.1
Apple clang version 12.0.5 (clang-1205.0.22.11)
Target: x86_64-apple-darwin20.1.0
Thread model: posix
InstalledDir: /Library/Developer/CommandLineTools/usr/bin
configure:3207: $? = 0
configure:3196: gcc -V >&5
clang: error: argument to '-V' is missing (expected 1 value)
clang: error: no input files
configure:3207: $? = 1
configure:3196: gcc -qversion >&5
clang: error: unknown argument '-qversion'; did you mean '--version'?
clang: error: no input files
configure:3207: $? = 1
configure:3227: checking whether the C compiler works
configure:3249: gcc    conftest.c  >&5
configure:3253: $? = 0
configure:3301: result: yes
configure:3304: checking for C compiler default output file name
configure:3306: result: a.out
configure:3312: checking for suffix of executables
configure:3319: gcc -o conftest    conftest.c  >&5
configure:3323: $? = 0
configure:3345: result: 
configure:3367: checking whether we are cross compiling
configure:3375: gcc -o conftest    conftest.c  >&5
configure:3379: $? = 0
configure:3386: ./conftest
configure:3390: $? = 0
configure:3405: result: no
configure:3410: checking for suffix of object files
configure:3432: gcc -c   conftest.c >&5
configure:3436: $? = 0
configure:3457: result: o
configure:3461: checking whether we are using the GNU C compiler
configure:3480: gcc -c   conftest.c >&5
configure:3480: $? = 0
configure:3489: result: yes
configure:3498: checking whether gcc accepts -g
configure:3518: gcc -c -g  conftest.c >&5
configure:3518: $? = 0
configure:3559: result: yes
configure:3576: checking for gcc option to accept ISO C89
configure:3639: gcc  -c -g -O2  conftest.c >&5
configure:3639: $? = 0
configure:3652: result: none needed
configure:3677: checking whether gcc understands -c and -o together
configure:3699: gcc -c conftest.c -o conftest2.o
configure:3702: $? = 0
configure:3699: gcc -c conftest.c -o conftest2.o
configure:3702: $? = 0
configure:3714: result: yes
configure:3737: checking how to run the C preprocessor
configure:3768: gcc -E  conftest.c
configure:3768: $? = 0
configure:3782: gcc -E  conftest.c
conftest.c:11:10: fatal error: 'ac_nonexistent.h' file not found
#include <ac_nonexistent.h>
         ^~~~~~~~~~~~~~~~~~
1 error generated.
configure:3782: $? = 1
configure: failed program was:
| /* confdefs.h */
| #define PACKAGE_NAME "AdvanceCOMP"
| #define PACKAGE_TARNAME "advancecomp"
| #define PACKAGE_VERSION "2.5"
| #define PACKAGE_STRING "AdvanceCOMP 2.5"
| #define PACKAGE_BUGREPORT ""
| #define PACKAGE_URL "http://www.advancemame.it"
| #define PACKAGE "advancecomp"
| #define VERSION "2.5"
| /* end confdefs.h.  */
| #include <ac_nonexistent.h>
configure:3807: result: gcc -E
configure:3827: gcc -E  conftest.c
configure:3827: $? = 0
configure:3841: gcc -E  conftest.c
conftest.c:11:10: fatal error: 'ac_nonexistent.h' file not found
#include <ac_nonexistent.h>
         ^~~~~~~~~~~~~~~~~~
1 error generated.
configure:3841: $? = 1
configure: failed program was:
| /* confdefs.h */
| #define PACKAGE_NAME "AdvanceCOMP"
| #define PACKAGE_TARNAME "advancecomp"
| #define PACKAGE_VERSION "2.5"
| #define PACKAGE_STRING "AdvanceCOMP 2.5"
| #define PACKAGE_BUGREPORT ""
| #define PACKAGE_URL "http://www.advancemame.it"
| #define PACKAGE "advancecomp"
| #define VERSION "2.5"
| /* end confdefs.h.  */
| #include <ac_nonexistent.h>
configure:3870: checking for grep that handles long lines and -e
configure:3928: result: /usr/bin/grep
configure:3933: checking for egrep
configure:3995: result: /usr/bin/grep -E
configure:4000: checking for ANSI C header files
configure:4020: gcc -c -g -O2  conftest.c >&5
configure:4020: $? = 0
configure:4093: gcc -o conftest -g -O2   conftest.c  >&5
configure:4093: $? = 0
configure:4093: ./conftest
configure:4093: $? = 0
configure:4104: result: yes
configure:4117: checking for sys/types.h
configure:4117: gcc -c -g -O2  conftest.c >&5
configure:4117: $? = 0
configure:4117: result: yes
configure:4117: checking for sys/stat.h
configure:4117: gcc -c -g -O2  conftest.c >&5
configure:4117: $? = 0
configure:4117: result: yes
configure:4117: checking for stdlib.h
configure:4117: gcc -c -g -O2  conftest.c >&5
configure:4117: $? = 0
configure:4117: result: yes
configure:4117: checking for string.h
configure:4117: gcc -c -g -O2  conftest.c >&5
configure:4117: $? = 0
configure:4117: result: yes
configure:4117: checking for memory.h
configure:4117: gcc -c -g -O2  conftest.c >&5
configure:4117: $? = 0
configure:4117: result: yes
configure:4117: checking for strings.h
configure:4117: gcc -c -g -O2  conftest.c >&5
configure:4117: $? = 0
configure:4117: result: yes
configure:4117: checking for inttypes.h
configure:4117: gcc -c -g -O2  conftest.c >&5
configure:4117: $? = 0
configure:4117: result: yes
configure:4117: checking for stdint.h
configure:4117: gcc -c -g -O2  conftest.c >&5
configure:4117: $? = 0
configure:4117: result: yes
configure:4117: checking for unistd.h
configure:4117: gcc -c -g -O2  conftest.c >&5
configure:4117: $? = 0
configure:4117: result: yes
configure:4130: checking minix/config.h usability
configure:4130: gcc -c -g -O2  conftest.c >&5
conftest.c:54:10: fatal error: 'minix/config.h' file not found
#include <minix/config.h>
         ^~~~~~~~~~~~~~~~
1 error generated.
configure:4130: $? = 1
configure: failed program was:
| /* confdefs.h */
| #define PACKAGE_NAME "AdvanceCOMP"
| #define PACKAGE_TARNAME "advancecomp"
| #define PACKAGE_VERSION "2.5"
| #define PACKAGE_STRING "AdvanceCOMP 2.5"
| #define PACKAGE_BUGREPORT ""
| #define PACKAGE_URL "http://www.advancemame.it"
| #define PACKAGE "advancecomp"
| #define VERSION "2.5"
| #define STDC_HEADERS 1
| #define HAVE_SYS_TYPES_H 1
| #define HAVE_SYS_STAT_H 1
| #define HAVE_STDLIB_H 1
| #define HAVE_STRING_H 1
| #define HAVE_MEMORY_H 1
| #define HAVE_STRINGS_H 1
| #define HAVE_INTTYPES_H 1
| #define HAVE_STDINT_H 1
| #define HAVE_UNISTD_H 1
| /* end confdefs.h.  */
| #include <stdio.h>
| #ifdef HAVE_SYS_TYPES_H
| # include <sys/types.h>
| #endif
| #ifdef HAVE_SYS_STAT_H
| # include <sys/stat.h>
| #endif
| #ifdef STDC_HEADERS
| # include <stdlib.h>
| # include <stddef.h>
| #else
| # ifdef HAVE_STDLIB_H
| #  include <stdlib.h>
| # endif
| #endif
| #ifdef HAVE_STRING_H
| # if !defined STDC_HEADERS && defined HAVE_MEMORY_H
| #  include <memory.h>
| # endif
| # include <string.h>
| #endif
| #ifdef HAVE_STRINGS_H
| # include <strings.h>
| #endif
| #ifdef HAVE_INTTYPES_H
| # include <inttypes.h>
| #endif
| #ifdef HAVE_STDINT_H
| # include <stdint.h>
| #endif
| #ifdef HAVE_UNISTD_H
| # include <unistd.h>
| #endif
| #include <minix/config.h>
configure:4130: result: no
configure:4130: checking minix/config.h presence
configure:4130: gcc -E  conftest.c
conftest.c:21:10: fatal error: 'minix/config.h' file not found
#include <minix/config.h>
         ^~~~~~~~~~~~~~~~
1 error generated.
configure:4130: $? = 1
configure: failed program was:
| /* confdefs.h */
| #define PACKAGE_NAME "AdvanceCOMP"
| #define PACKAGE_TARNAME "advancecomp"
| #define PACKAGE_VERSION "2.5"
| #define PACKAGE_STRING "AdvanceCOMP 2.5"
| #define PACKAGE_BUGREPORT ""
| #define PACKAGE_URL "http://www.advancemame.it"
| #define PACKAGE "advancecomp"
| #define VERSION "2.5"
| #define STDC_HEADERS 1
| #define HAVE_SYS_TYPES_H 1
| #define HAVE_SYS_STAT_H 1
| #define HAVE_STDLIB_H 1
| #define HAVE_STRING_H 1
| #define HAVE_MEMORY_H 1
| #define HAVE_STRINGS_H 1
| #define HAVE_INTTYPES_H 1
| #define HAVE_STDINT_H 1
| #define HAVE_UNISTD_H 1
| /* end confdefs.h.  */
| #include <minix/config.h>
configure:4130: result: no
configure:4130: checking for minix/config.h
configure:4130: result: no
configure:4151: checking whether it is safe to define __EXTENSIONS__
configure:4169: gcc -c -g -O2  conftest.c >&5
configure:4169: $? = 0
configure:4176: result: yes
configure:4238: checking for gcc
configure:4265: result: gcc
configure:4494: checking for C compiler version
configure:4503: gcc --version >&5
Apple clang version 12.0.5 (clang-1205.0.22.11)
Target: x86_64-apple-darwin20.1.0
Thread model: posix
InstalledDir: /Library/Developer/CommandLineTools/usr/bin
Configured with: --prefix=/Library/Developer/CommandLineTools/usr --with-gxx-include-dir=/Library/Developer/CommandLineTools/SDKs/MacOSX.sdk/usr/include/c++/4.2.1
configure:4514: $? = 0
configure:4503: gcc -v >&5
Configured with: --prefix=/Library/Developer/CommandLineTools/usr --with-gxx-include-dir=/Library/Developer/CommandLineTools/SDKs/MacOSX.sdk/usr/include/c++/4.2.1
Apple clang version 12.0.5 (clang-1205.0.22.11)
Target: x86_64-apple-darwin20.1.0
Thread model: posix
InstalledDir: /Library/Developer/CommandLineTools/usr/bin
configure:4514: $? = 0
configure:4503: gcc -V >&5
clang: error: argument to '-V' is missing (expected 1 value)
clang: error: no input files
configure:4514: $? = 1
configure:4503: gcc -qversion >&5
clang: error: unknown argument '-qversion'; did you mean '--version'?
clang: error: no input files
configure:4514: $? = 1
configure:4518: checking whether we are using the GNU C compiler
configure:4546: result: yes
configure:4555: checking whether gcc accepts -g
configure:4616: result: yes
configure:4633: checking for gcc option to accept ISO C89
configure:4709: result: none needed
configure:4734: checking whether gcc understands -c and -o together
configure:4771: result: yes
configure:4846: checking for g++
configure:4862: found /usr/bin/g++
configure:4873: result: g++
configure:4900: checking for C++ compiler version
configure:4909: g++ --version >&5
Apple clang version 12.0.5 (clang-1205.0.22.11)
Target: x86_64-apple-darwin20.1.0
Thread model: posix
InstalledDir: /Library/Developer/CommandLineTools/usr/bin
Configured with: --prefix=/Library/Developer/CommandLineTools/usr --with-gxx-include-dir=/Library/Developer/CommandLineTools/SDKs/MacOSX.sdk/usr/include/c++/4.2.1
configure:4920: $? = 0
configure:4909: g++ -v >&5
Configured with: --prefix=/Library/Developer/CommandLineTools/usr --with-gxx-include-dir=/Library/Developer/CommandLineTools/SDKs/MacOSX.sdk/usr/include/c++/4.2.1
Apple clang version 12.0.5 (clang-1205.0.22.11)
Target: x86_64-apple-darwin20.1.0
Thread model: posix
InstalledDir: /Library/Developer/CommandLineTools/usr/bin
configure:4920: $? = 0
configure:4909: g++ -V >&5
clang: error: argument to '-V' is missing (expected 1 value)
clang: error: no input files
configure:4920: $? = 1
configure:4909: g++ -qversion >&5
clang: error: unknown argument '-qversion'; did you mean '--version'?
clang: error: no input files
configure:4920: $? = 1
configure:4924: checking whether we are using the GNU C++ compiler
configure:4943: g++ -c   conftest.cpp >&5
configure:4943: $? = 0
configure:4952: result: yes
configure:4961: checking whether g++ accepts -g
configure:4981: g++ -c -g  conftest.cpp >&5
configure:4981: $? = 0
configure:5022: result: yes
configure:5050: checking for gawk
configure:5077: result: awk
configure:5092: checking for tar
configure:5108: found /usr/bin/tar
configure:5119: result: tar
configure:5134: checking for gzip
configure:5150: found /usr/bin/gzip
configure:5161: result: gzip
configure:5176: checking for groff
configure:5192: found /usr/bin/groff
configure:5203: result: groff
configure:5218: checking for col
configure:5234: found /usr/bin/col
configure:5245: result: col
configure:5258: checking for valgrind
configure:5288: result: no
configure:5295: checking for wine
configure:5325: result: no
configure:5332: checking for advd2
configure:5362: result: no
configure:5383: checking for special C compiler options needed for large files
configure:5428: result: no
configure:5434: checking for _FILE_OFFSET_BITS value needed for large files
configure:5459: gcc -c -g -O2  conftest.c >&5
configure:5459: $? = 0
configure:5491: result: no
configure:5576: checking for adler32 in -lz
configure:5601: gcc -o conftest -g -O2   conftest.c -lz   >&5
configure:5601: $? = 0
configure:5610: result: yes
configure:5624: checking for ANSI C header files
configure:5728: result: yes
configure:5736: checking for sys/wait.h that is POSIX.1 compatible
configure:5762: gcc -c -g -O2  conftest.c >&5
configure:5762: $? = 0
configure:5769: result: yes
configure:5780: checking for dirent.h that defines DIR
configure:5799: gcc -c -g -O2  conftest.c >&5
configure:5799: $? = 0
configure:5807: result: yes
configure:5820: checking for library containing opendir
configure:5851: gcc -o conftest -g -O2   conftest.c -lz  >&5
configure:5851: $? = 0
configure:5868: result: none required
configure:5935: checking whether time.h and sys/time.h may both be included
configure:5955: gcc -c -g -O2  conftest.c >&5
configure:5955: $? = 0
configure:5962: result: yes
configure:5973: checking for unistd.h
configure:5973: result: yes
configure:5973: checking getopt.h usability
configure:5973: gcc -c -g -O2  conftest.c >&5
configure:5973: $? = 0
configure:5973: result: yes
configure:5973: checking getopt.h presence
configure:5973: gcc -E  conftest.c
configure:5973: $? = 0
configure:5973: result: yes
configure:5973: checking for getopt.h
configure:5973: result: yes
configure:5973: checking utime.h usability
configure:5973: gcc -c -g -O2  conftest.c >&5
configure:5973: $? = 0
configure:5973: result: yes
configure:5973: checking utime.h presence
configure:5973: gcc -E  conftest.c
configure:5973: $? = 0
configure:5973: result: yes
configure:5973: checking for utime.h
configure:5973: result: yes
configure:5973: checking stdarg.h usability
configure:5973: gcc -c -g -O2  conftest.c >&5
configure:5973: $? = 0
configure:5973: result: yes
configure:5973: checking stdarg.h presence
configure:5973: gcc -E  conftest.c
configure:5973: $? = 0
configure:5973: result: yes
configure:5973: checking for stdarg.h
configure:5973: result: yes
configure:5973: checking varargs.h usability
configure:5973: gcc -c -g -O2  conftest.c >&5
In file included from conftest.c:68:
/Library/Developer/CommandLineTools/usr/lib/clang/12.0.5/include/varargs.h:11:4: error: "Please use <stdarg.h> instead of <varargs.h>"
  #error "Please use <stdarg.h> instead of <varargs.h>"
   ^
1 error generated.
configure:5973: $? = 1
configure: failed program was:
| /* confdefs.h */
| #define PACKAGE_NAME "AdvanceCOMP"
| #define PACKAGE_TARNAME "advancecomp"
| #define PACKAGE_VERSION "2.5"
| #define PACKAGE_STRING "AdvanceCOMP 2.5"
| #define PACKAGE_BUGREPORT ""
| #define PACKAGE_URL "http://www.advancemame.it"
| #define PACKAGE "advancecomp"
| #define VERSION "2.5"
| #define STDC_HEADERS 1
| #define HAVE_SYS_TYPES_H 1
| #define HAVE_SYS_STAT_H 1
| #define HAVE_STDLIB_H 1
| #define HAVE_STRING_H 1
| #define HAVE_MEMORY_H 1
| #define HAVE_STRINGS_H 1
| #define HAVE_INTTYPES_H 1
| #define HAVE_STDINT_H 1
| #define HAVE_UNISTD_H 1
| #define __EXTENSIONS__ 1
| #define _ALL_SOURCE 1
| #define _GNU_SOURCE 1
| #define _POSIX_PTHREAD_SEMANTICS 1
| #define _TANDEM_SOURCE 1
| #define HAVE_LIBZ 1
| #define STDC_HEADERS 1
| #define HAVE_SYS_WAIT_H 1
| #define HAVE_DIRENT_H 1
| #define TIME_WITH_SYS_TIME 1
| #define HAVE_UNISTD_H 1
| #define HAVE_GETOPT_H 1
| #define HAVE_UTIME_H 1
| #define HAVE_STDARG_H 1
| /* end confdefs.h.  */
| #include <stdio.h>
| #ifdef HAVE_SYS_TYPES_H
| # include <sys/types.h>
| #endif
| #ifdef HAVE_SYS_STAT_H
| # include <sys/stat.h>
| #endif
| #ifdef STDC_HEADERS
| # include <stdlib.h>
| # include <stddef.h>
| #else
| # ifdef HAVE_STDLIB_H
| #  include <stdlib.h>
| # endif
| #endif
| #ifdef HAVE_STRING_H
| # if !defined STDC_HEADERS && defined HAVE_MEMORY_H
| #  include <memory.h>
| # endif
| # include <string.h>
| #endif
| #ifdef HAVE_STRINGS_H
| # include <strings.h>
| #endif
| #ifdef HAVE_INTTYPES_H
| # include <inttypes.h>
| #endif
| #ifdef HAVE_STDINT_H
| # include <stdint.h>
| #endif
| #ifdef HAVE_UNISTD_H
| # include <unistd.h>
| #endif
| #include <varargs.h>
configure:5973: result: no
configure:5973: checking varargs.h presence
configure:5973: gcc -E  conftest.c
In file included from conftest.c:35:
/Library/Developer/CommandLineTools/usr/lib/clang/12.0.5/include/varargs.h:11:4: error: "Please use <stdarg.h> instead of <varargs.h>"
  #error "Please use <stdarg.h> instead of <varargs.h>"
   ^
1 error generated.
configure:5973: $? = 1
configure: failed program was:
| /* confdefs.h */
| #define PACKAGE_NAME "AdvanceCOMP"
| #define PACKAGE_TARNAME "advancecomp"
| #define PACKAGE_VERSION "2.5"
| #define PACKAGE_STRING "AdvanceCOMP 2.5"
| #define PACKAGE_BUGREPORT ""
| #define PACKAGE_URL "http://www.advancemame.it"
| #define PACKAGE "advancecomp"
| #define VERSION "2.5"
| #define STDC_HEADERS 1
| #define HAVE_SYS_TYPES_H 1
| #define HAVE_SYS_STAT_H 1
| #define HAVE_STDLIB_H 1
| #define HAVE_STRING_H 1
| #define HAVE_MEMORY_H 1
| #define HAVE_STRINGS_H 1
| #define HAVE_INTTYPES_H 1
| #define HAVE_STDINT_H 1
| #define HAVE_UNISTD_H 1
| #define __EXTENSIONS__ 1
| #define _ALL_SOURCE 1
| #define _GNU_SOURCE 1
| #define _POSIX_PTHREAD_SEMANTICS 1
| #define _TANDEM_SOURCE 1
| #define HAVE_LIBZ 1
| #define STDC_HEADERS 1
| #define HAVE_SYS_WAIT_H 1
| #define HAVE_DIRENT_H 1
| #define TIME_WITH_SYS_TIME 1
| #define HAVE_UNISTD_H 1
| #define HAVE_GETOPT_H 1
| #define HAVE_UTIME_H 1
| #define HAVE_STDARG_H 1
| /* end confdefs.h.  */
| #include <varargs.h>
configure:5973: result: no
configure:5973: checking for varargs.h
configure:5973: result: no
configure:5973: checking for stdint.h
configure:5973: result: yes
configure:5986: checking for sys/types.h
configure:5986: result: yes
configure:5986: checking for sys/stat.h
configure:5986: result: yes
configure:5986: checking sys/time.h usability
configure:5986: gcc -c -g -O2  conftest.c >&5
configure:5986: $? = 0
configure:5986: result: yes
configure:5986: checking sys/time.h presence
configure:5986: gcc -E  conftest.c
configure:5986: $? = 0
configure:5986: result: yes
configure:5986: checking for sys/time.h
configure:5986: result: yes
configure:5986: checking sys/utime.h usability
configure:5986: gcc -c -g -O2  conftest.c >&5
conftest.c:72:10: fatal error: 'sys/utime.h' file not found
#include <sys/utime.h>
         ^~~~~~~~~~~~~
1 error generated.
configure:5986: $? = 1
configure: failed program was:
| /* confdefs.h */
| #define PACKAGE_NAME "AdvanceCOMP"
| #define PACKAGE_TARNAME "advancecomp"
| #define PACKAGE_VERSION "2.5"
| #define PACKAGE_STRING "AdvanceCOMP 2.5"
| #define PACKAGE_BUGREPORT ""
| #define PACKAGE_URL "http://www.advancemame.it"
| #define PACKAGE "advancecomp"
| #define VERSION "2.5"
| #define STDC_HEADERS 1
| #define HAVE_SYS_TYPES_H 1
| #define HAVE_SYS_STAT_H 1
| #define HAVE_STDLIB_H 1
| #define HAVE_STRING_H 1
| #define HAVE_MEMORY_H 1
| #define HAVE_STRINGS_H 1
| #define HAVE_INTTYPES_H 1
| #define HAVE_STDINT_H 1
| #define HAVE_UNISTD_H 1
| #define __EXTENSIONS__ 1
| #define _ALL_SOURCE 1
| #define _GNU_SOURCE 1
| #define _POSIX_PTHREAD_SEMANTICS 1
| #define _TANDEM_SOURCE 1
| #define HAVE_LIBZ 1
| #define STDC_HEADERS 1
| #define HAVE_SYS_WAIT_H 1
| #define HAVE_DIRENT_H 1
| #define TIME_WITH_SYS_TIME 1
| #define HAVE_UNISTD_H 1
| #define HAVE_GETOPT_H 1
| #define HAVE_UTIME_H 1
| #define HAVE_STDARG_H 1
| #define HAVE_STDINT_H 1
| #define HAVE_SYS_TYPES_H 1
| #define HAVE_SYS_STAT_H 1
| #define HAVE_SYS_TIME_H 1
| /* end confdefs.h.  */
| #include <stdio.h>
| #ifdef HAVE_SYS_TYPES_H
| # include <sys/types.h>
| #endif
| #ifdef HAVE_SYS_STAT_H
| # include <sys/stat.h>
| #endif
| #ifdef STDC_HEADERS
| # include <stdlib.h>
| # include <stddef.h>
| #else
| # ifdef HAVE_STDLIB_H
| #  include <stdlib.h>
| # endif
| #endif
| #ifdef HAVE_STRING_H
| # if !defined STDC_HEADERS && defined HAVE_MEMORY_H
| #  include <memory.h>
| # endif
| # include <string.h>
| #endif
| #ifdef HAVE_STRINGS_H
| # include <strings.h>
| #endif
| #ifdef HAVE_INTTYPES_H
| # include <inttypes.h>
| #endif
| #ifdef HAVE_STDINT_H
| # include <stdint.h>
| #endif
| #ifdef HAVE_UNISTD_H
| # include <unistd.h>
| #endif
| #include <sys/utime.h>
configure:5986: result: no
configure:5986: checking sys/utime.h presence
configure:5986: gcc -E  conftest.c
conftest.c:39:10: fatal error: 'sys/utime.h' file not found
#include <sys/utime.h>
         ^~~~~~~~~~~~~
1 error generated.
configure:5986: $? = 1
configure: failed program was:
| /* confdefs.h */
| #define PACKAGE_NAME "AdvanceCOMP"
| #define PACKAGE_TARNAME "advancecomp"
| #define PACKAGE_VERSION "2.5"
| #define PACKAGE_STRING "AdvanceCOMP 2.5"
| #define PACKAGE_BUGREPORT ""
| #define PACKAGE_URL "http://www.advancemame.it"
| #define PACKAGE "advancecomp"
| #define VERSION "2.5"
| #define STDC_HEADERS 1
| #define HAVE_SYS_TYPES_H 1
| #define HAVE_SYS_STAT_H 1
| #define HAVE_STDLIB_H 1
| #define HAVE_STRING_H 1
| #define HAVE_MEMORY_H 1
| #define HAVE_STRINGS_H 1
| #define HAVE_INTTYPES_H 1
| #define HAVE_STDINT_H 1
| #define HAVE_UNISTD_H 1
| #define __EXTENSIONS__ 1
| #define _ALL_SOURCE 1
| #define _GNU_SOURCE 1
| #define _POSIX_PTHREAD_SEMANTICS 1
| #define _TANDEM_SOURCE 1
| #define HAVE_LIBZ 1
| #define STDC_HEADERS 1
| #define HAVE_SYS_WAIT_H 1
| #define HAVE_DIRENT_H 1
| #define TIME_WITH_SYS_TIME 1
| #define HAVE_UNISTD_H 1
| #define HAVE_GETOPT_H 1
| #define HAVE_UTIME_H 1
| #define HAVE_STDARG_H 1
| #define HAVE_STDINT_H 1
| #define HAVE_SYS_TYPES_H 1
| #define HAVE_SYS_STAT_H 1
| #define HAVE_SYS_TIME_H 1
| /* end confdefs.h.  */
| #include <sys/utime.h>
configure:5986: result: no
configure:5986: checking for sys/utime.h
configure:5986: result: no
configure:5997: checking for an ANSI C-conforming const
configure:6063: gcc -c -g -O2  conftest.c >&5
configure:6063: $? = 0
configure:6070: result: yes
configure:6078: checking for inline
configure:6094: gcc -c -g -O2  conftest.c >&5
configure:6094: $? = 0
configure:6102: result: inline
configure:6124: checking for getopt
configure:6124: gcc -o conftest -g -O2   conftest.c -lz  >&5
configure:6124: $? = 0
configure:6124: result: yes
configure:6124: checking for getopt_long
configure:6124: gcc -o conftest -g -O2   conftest.c -lz  >&5
configure:6124: $? = 0
configure:6124: result: yes
configure:6124: checking for snprintf
configure:6124: gcc -o conftest -g -O2   conftest.c -lz  >&5
conftest.c:64:6: warning: incompatible redeclaration of library function 'snprintf' [-Wincompatible-library-redeclaration]
char snprintf ();
     ^
conftest.c:64:6: note: 'snprintf' is a builtin with type 'int (char *, unsigned long, const char *, ...)'
1 warning generated.
configure:6124: $? = 0
configure:6124: result: yes
configure:6124: checking for vsnprintf
configure:6124: gcc -o conftest -g -O2   conftest.c -lz  >&5
conftest.c:65:6: warning: incompatible redeclaration of library function 'vsnprintf' [-Wincompatible-library-redeclaration]
char vsnprintf ();
     ^
conftest.c:65:6: note: 'vsnprintf' is a builtin with type 'int (char *, unsigned long, const char *, struct __va_list_tag *)'
1 warning generated.
configure:6124: $? = 0
configure:6124: result: yes
configure:6332: checking that generated files are newer than configure
configure:6338: result: done
configure:6357: creating ./config.status

## ---------------------- ##
## Running config.status. ##
## ---------------------- ##

This file was extended by AdvanceCOMP config.status 2.5, which was
generated by GNU Autoconf 2.69.  Invocation command line was

  CONFIG_FILES    = 
  CONFIG_HEADERS  = 
  CONFIG_LINKS    = 
  CONFIG_COMMANDS = 
  $ ./config.status 

on chendeMacBook-Pro-2.local

config.status:875: creating Makefile
config.status:875: creating config.h

## ---------------- ##
## Cache variables. ##
## ---------------- ##

ac_cv_build=x86_64-apple-darwin20.1.0
ac_cv_c_compiler_gnu=yes
ac_cv_c_const=yes
ac_cv_c_inline=inline
ac_cv_cxx_compiler_gnu=yes
ac_cv_env_CCC_set=
ac_cv_env_CCC_value=
ac_cv_env_CC_set=
ac_cv_env_CC_value=
ac_cv_env_CFLAGS_set=
ac_cv_env_CFLAGS_value=
ac_cv_env_CPPFLAGS_set=
ac_cv_env_CPPFLAGS_value=
ac_cv_env_CPP_set=
ac_cv_env_CPP_value=
ac_cv_env_CXXFLAGS_set=
ac_cv_env_CXXFLAGS_value=
ac_cv_env_CXX_set=
ac_cv_env_CXX_value=
ac_cv_env_LDFLAGS_set=
ac_cv_env_LDFLAGS_value=
ac_cv_env_LIBS_set=
ac_cv_env_LIBS_value=
ac_cv_env_TESTENV_set=
ac_cv_env_TESTENV_value=
ac_cv_env_build_alias_set=
ac_cv_env_build_alias_value=
ac_cv_env_host_alias_set=
ac_cv_env_host_alias_value=
ac_cv_env_target_alias_set=
ac_cv_env_target_alias_value=
ac_cv_func_getopt=yes
ac_cv_func_getopt_long=yes
ac_cv_func_snprintf=yes
ac_cv_func_vsnprintf=yes
ac_cv_header_dirent_dirent_h=yes
ac_cv_header_getopt_h=yes
ac_cv_header_inttypes_h=yes
ac_cv_header_memory_h=yes
ac_cv_header_minix_config_h=no
ac_cv_header_stdarg_h=yes
ac_cv_header_stdc=yes
ac_cv_header_stdint_h=yes
ac_cv_header_stdlib_h=yes
ac_cv_header_string_h=yes
ac_cv_header_strings_h=yes
ac_cv_header_sys_stat_h=yes
ac_cv_header_sys_time_h=yes
ac_cv_header_sys_types_h=yes
ac_cv_header_sys_utime_h=no
ac_cv_header_sys_wait_h=yes
ac_cv_header_time=yes
ac_cv_header_unistd_h=yes
ac_cv_header_utime_h=yes
ac_cv_header_varargs_h=no
ac_cv_host=x86_64-apple-darwin20.1.0
ac_cv_lib_z_adler32=yes
ac_cv_objext=o
ac_cv_path_EGREP='/usr/bin/grep -E'
ac_cv_path_GREP=/usr/bin/grep
ac_cv_path_install='/usr/local/bin/ginstall -c'
ac_cv_path_mkdir=/usr/local/bin/gmkdir
ac_cv_prog_AWK=awk
ac_cv_prog_COL=col
ac_cv_prog_CPP='gcc -E'
ac_cv_prog_GROFF=groff
ac_cv_prog_GZIP=gzip
ac_cv_prog_TAR=tar
ac_cv_prog_ac_ct_CC=gcc
ac_cv_prog_ac_ct_CXX=g++
ac_cv_prog_cc_c89=
ac_cv_prog_cc_g=yes
ac_cv_prog_cxx_g=yes
ac_cv_prog_make_make_set=yes
ac_cv_safe_to_define___extensions__=yes
ac_cv_search_opendir='none required'
ac_cv_sys_file_offset_bits=no
ac_cv_sys_largefile_CC=no
am_cv_make_support_nested_variables=yes
am_cv_prog_cc_c_o=yes

## ----------------- ##
## Output variables. ##
## ----------------- ##

ACLOCAL='${SHELL} /Users/chen/github/advpn/missing aclocal-1.16'
ADVD2=''
AMTAR='$${TAR-tar}'
AM_BACKSLASH='\'
AM_DEFAULT_V='$(AM_DEFAULT_VERBOSITY)'
AM_DEFAULT_VERBOSITY='1'
AM_V='$(V)'
AUTOCONF='${SHELL} /Users/chen/github/advpn/missing autoconf'
AUTOHEADER='${SHELL} /Users/chen/github/advpn/missing autoheader'
AUTOMAKE='${SHELL} /Users/chen/github/advpn/missing automake-1.16'
AWK='awk'
CC='gcc'
CFLAGS='-g -O2 -DUSE_ERROR_SILENT -DUSE_COMPRESS'
COL='col'
CPP='gcc -E'
CPPFLAGS=''
CXX='g++'
CXXFLAGS='-g -O2 -DUSE_ERROR_SILENT -DUSE_COMPRESS'
CYGPATH_W='echo'
DEFS='-DHAVE_CONFIG_H'
ECHO_C='\c'
ECHO_N=''
ECHO_T=''
EGREP='/usr/bin/grep -E'
EXEEXT=''
GREP='/usr/bin/grep'
GROFF='groff'
GZIP='gzip'
HAVE_ADVD2_FALSE=''
HAVE_ADVD2_TRUE='#'
INSTALL_DATA='${INSTALL} -m 644'
INSTALL_PROGRAM='${INSTALL}'
INSTALL_SCRIPT='${INSTALL}'
INSTALL_STRIP_PROGRAM='$(install_sh) -c -s'
LDFLAGS=''
LIBOBJS=''
LIBS='-lz '
LTLIBOBJS=''
MAKEINFO='${SHELL} /Users/chen/github/advpn/missing makeinfo'
MKDIR_P='/usr/local/bin/gmkdir -p'
OBJEXT='o'
PACKAGE='advancecomp'
PACKAGE_BUGREPORT=''
PACKAGE_NAME='AdvanceCOMP'
PACKAGE_STRING='AdvanceCOMP 2.5'
PACKAGE_TARNAME='advancecomp'
PACKAGE_URL='http://www.advancemame.it'
PACKAGE_VERSION='2.5'
PATH_SEPARATOR=':'
SET_MAKE=''
SHELL='/bin/sh'
STRIP=''
TAR='tar'
TESTENV=''
VALGRIND=''
VERSION='2.5'
WINE=''
ac_ct_CC='gcc'
ac_ct_CXX='g++'
am__EXEEXT_FALSE=''
am__EXEEXT_TRUE='#'
am__isrc=''
am__leading_dot='.'
am__tar='$${TAR-tar} chof - "$$tardir"'
am__untar='$${TAR-tar} xf -'
bindir='${exec_prefix}/bin'
build='x86_64-apple-darwin20.1.0'
build_alias=''
build_cpu='x86_64'
build_os='darwin20.1.0'
build_vendor='apple'
datadir='${datarootdir}'
datarootdir='${prefix}/share'
docdir='${datarootdir}/doc/${PACKAGE_TARNAME}'
dvidir='${docdir}'
exec_prefix='${prefix}'
host='x86_64-apple-darwin20.1.0'
host_alias=''
host_cpu='x86_64'
host_os='darwin20.1.0'
host_vendor='apple'
htmldir='${docdir}'
includedir='${prefix}/include'
infodir='${datarootdir}/info'
install_sh='${SHELL} /Users/chen/github/advpn/install-sh'
libdir='${exec_prefix}/lib'
libexecdir='${exec_prefix}/libexec'
localedir='${datarootdir}/locale'
localstatedir='${prefix}/var'
mandir='${datarootdir}/man'
mkdir_p='$(MKDIR_P)'
oldincludedir='/usr/include'
pdfdir='${docdir}'
prefix='/usr/local'
program_transform_name='s,x,x,'
psdir='${docdir}'
sbindir='${exec_prefix}/sbin'
sharedstatedir='${prefix}/com'
sysconfdir='${prefix}/etc'
target_alias=''

## ----------- ##
## confdefs.h. ##
## ----------- ##

/* confdefs.h */
#define PACKAGE_NAME "AdvanceCOMP"
#define PACKAGE_TARNAME "advancecomp"
#define PACKAGE_VERSION "2.5"
#define PACKAGE_STRING "AdvanceCOMP 2.5"
#define PACKAGE_BUGREPORT ""
#define PACKAGE_URL "http://www.advancemame.it"
#define PACKAGE "advancecomp"
#define VERSION "2.5"
#define STDC_HEADERS 1
#define HAVE_SYS_TYPES_H 1
#define HAVE_SYS_STAT_H 1
#define HAVE_STDLIB_H 1
#define HAVE_STRING_H 1
#define HAVE_MEMORY_H 1
#define HAVE_STRINGS_H 1
#define HAVE_INTTYPES_H 1
#define HAVE_STDINT_H 1
#define HAVE_UNISTD_H 1
#define __EXTENSIONS__ 1
#define _ALL_SOURCE 1
#define _GNU_SOURCE 1
#define _POSIX_PTHREAD_SEMANTICS 1
#define _TANDEM_SOURCE 1
#define HAVE_LIBZ 1
#define STDC_HEADERS 1
#define HAVE_SYS_WAIT_H 1
#define HAVE_DIRENT_H 1
#define TIME_WITH_SYS_TIME 1
#define HAVE_UNISTD_H 1
#define HAVE_GETOPT_H 1
#define HAVE_UTIME_H 1
#define HAVE_STDARG_H 1
#define HAVE_STDINT_H 1
#define HAVE_SYS_TYPES_H 1
#define HAVE_SYS_STAT_H 1
#define HAVE_SYS_TIME_H 1
#define HAVE_GETOPT 1
#define HAVE_GETOPT_LONG 1
#define HAVE_SNPRINTF 1
#define HAVE_VSNPRINTF 1

configure: exit 0
